DEB [20150807-16:43:03.125] thr=1   paramiko.transport: starting thread (client mode): 0x30799b0L
DEB [20150807-16:43:03.128] thr=2   paramiko.transport: starting thread (client mode): 0x30942b0L
DEB [20150807-16:43:03.135] thr=3   paramiko.transport: starting thread (client mode): 0x3079b70L
DEB [20150807-16:43:03.130] thr=4   paramiko.transport: starting thread (client mode): 0x3094630L
INF [20150807-16:43:03.144] thr=3   paramiko.transport: Connected (version 2.0, client OpenSSH_5.3)
DEB [20150807-16:43:03.144] thr=5   paramiko.transport: starting thread (client mode): 0x3094cf8L
INF [20150807-16:43:03.145] thr=2   paramiko.transport: Connected (version 2.0, client OpenSSH_5.3)
INF [20150807-16:43:03.145] thr=4   paramiko.transport: Connected (version 2.0, client OpenSSH_5.3)
DEB [20150807-16:43:03.147] thr=3   paramiko.transport: kex algos:[u'diffie-hellman-group-exchange-sha256', u'diffie-hellman-group-exchange-sha1', u'diffie-hellman-group14-sha1', u'diffie-hellman-group1-sha1'] server key:[u'ssh-rsa', u'ssh-dss'] client encrypt:[u'aes128-ctr', u'aes192-ctr', u'aes256-ctr', u'arcfour256', u'arcfour128', u'aes128-cbc', u'3des-cbc', u'blowfish-cbc', u'cast128-cbc', u'aes192-cbc', u'aes256-cbc', u'arcfour', u'rijndael-cbc@lysator.liu.se'] server encrypt:[u'aes128-ctr', u'aes192-ctr', u'aes256-ctr', u'arcfour256', u'arcfour128', u'aes128-cbc', u'3des-cbc', u'blowfish-cbc', u'cast128-cbc', u'aes192-cbc', u'aes256-cbc', u'arcfour', u'rijndael-cbc@lysator.liu.se'] client mac:[u'hmac-md5', u'hmac-sha1', u'umac-64@openssh.com', u'hmac-ripemd160', u'hmac-ripemd160@openssh.com', u'hmac-sha1-96', u'hmac-md5-96'] server mac:[u'hmac-md5', u'hmac-sha1', u'umac-64@openssh.com', u'hmac-ripemd160', u'hmac-ripemd160@openssh.com', u'hmac-sha1-96', u'hmac-md5-96'] client compress:[u'none', u'zlib@openssh.com'] server compress:[u'none', u'zlib@openssh.com'] client lang:[u''] server lang:[u''] kex follows?False
DEB [20150807-16:43:03.148] thr=3   paramiko.transport: Ciphers agreed: local=aes128-ctr, remote=aes128-ctr
DEB [20150807-16:43:03.148] thr=6   paramiko.transport: starting thread (client mode): 0x309f080L
DEB [20150807-16:43:03.148] thr=3   paramiko.transport: using kex diffie-hellman-group14-sha1; server key type ssh-rsa; cipher: local aes128-ctr, remote aes128-ctr; mac: local hmac-sha1, remote hmac-sha1; compression: local none, remote none
DEB [20150807-16:43:03.151] thr=2   paramiko.transport: kex algos:[u'diffie-hellman-group-exchange-sha256', u'diffie-hellman-group-exchange-sha1', u'diffie-hellman-group14-sha1', u'diffie-hellman-group1-sha1'] server key:[u'ssh-rsa', u'ssh-dss'] client encrypt:[u'aes128-ctr', u'aes192-ctr', u'aes256-ctr', u'arcfour256', u'arcfour128', u'aes128-cbc', u'3des-cbc', u'blowfish-cbc', u'cast128-cbc', u'aes192-cbc', u'aes256-cbc', u'arcfour', u'rijndael-cbc@lysator.liu.se'] server encrypt:[u'aes128-ctr', u'aes192-ctr', u'aes256-ctr', u'arcfour256', u'arcfour128', u'aes128-cbc', u'3des-cbc', u'blowfish-cbc', u'cast128-cbc', u'aes192-cbc', u'aes256-cbc', u'arcfour', u'rijndael-cbc@lysator.liu.se'] client mac:[u'hmac-md5', u'hmac-sha1', u'umac-64@openssh.com', u'hmac-ripemd160', u'hmac-ripemd160@openssh.com', u'hmac-sha1-96', u'hmac-md5-96'] server mac:[u'hmac-md5', u'hmac-sha1', u'umac-64@openssh.com', u'hmac-ripemd160', u'hmac-ripemd160@openssh.com', u'hmac-sha1-96', u'hmac-md5-96'] client compress:[u'none', u'zlib@openssh.com'] server compress:[u'none', u'zlib@openssh.com'] client lang:[u''] server lang:[u''] kex follows?False
DEB [20150807-16:43:03.173] thr=4   paramiko.transport: kex algos:[u'diffie-hellman-group-exchange-sha256', u'diffie-hellman-group-exchange-sha1', u'diffie-hellman-group14-sha1', u'diffie-hellman-group1-sha1'] server key:[u'ssh-rsa', u'ssh-dss'] client encrypt:[u'aes128-ctr', u'aes192-ctr', u'aes256-ctr', u'arcfour256', u'arcfour128', u'aes128-cbc', u'3des-cbc', u'blowfish-cbc', u'cast128-cbc', u'aes192-cbc', u'aes256-cbc', u'arcfour', u'rijndael-cbc@lysator.liu.se'] server encrypt:[u'aes128-ctr', u'aes192-ctr', u'aes256-ctr', u'arcfour256', u'arcfour128', u'aes128-cbc', u'3des-cbc', u'blowfish-cbc', u'cast128-cbc', u'aes192-cbc', u'aes256-cbc', u'arcfour', u'rijndael-cbc@lysator.liu.se'] client mac:[u'hmac-md5', u'hmac-sha1', u'umac-64@openssh.com', u'hmac-ripemd160', u'hmac-ripemd160@openssh.com', u'hmac-sha1-96', u'hmac-md5-96'] server mac:[u'hmac-md5', u'hmac-sha1', u'umac-64@openssh.com', u'hmac-ripemd160', u'hmac-ripemd160@openssh.com', u'hmac-sha1-96', u'hmac-md5-96'] client compress:[u'none', u'zlib@openssh.com'] server compress:[u'none', u'zlib@openssh.com'] client lang:[u''] server lang:[u''] kex follows?False
INF [20150807-16:43:03.173] thr=6   paramiko.transport: Connected (version 2.0, client OpenSSH_5.3)
INF [20150807-16:43:03.173] thr=5   paramiko.transport: Connected (version 2.0, client OpenSSH_5.3)
DEB [20150807-16:43:03.174] thr=2   paramiko.transport: Ciphers agreed: local=aes128-ctr, remote=aes128-ctr
DEB [20150807-16:43:03.174] thr=4   paramiko.transport: Ciphers agreed: local=aes128-ctr, remote=aes128-ctr
DEB [20150807-16:43:03.174] thr=2   paramiko.transport: using kex diffie-hellman-group14-sha1; server key type ssh-rsa; cipher: local aes128-ctr, remote aes128-ctr; mac: local hmac-sha1, remote hmac-sha1; compression: local none, remote none
DEB [20150807-16:43:03.174] thr=4   paramiko.transport: using kex diffie-hellman-group14-sha1; server key type ssh-rsa; cipher: local aes128-ctr, remote aes128-ctr; mac: local hmac-sha1, remote hmac-sha1; compression: local none, remote none
DEB [20150807-16:43:03.210] thr=6   paramiko.transport: kex algos:[u'diffie-hellman-group-exchange-sha256', u'diffie-hellman-group-exchange-sha1', u'diffie-hellman-group14-sha1', u'diffie-hellman-group1-sha1'] server key:[u'ssh-rsa', u'ssh-dss'] client encrypt:[u'aes128-ctr', u'aes192-ctr', u'aes256-ctr', u'arcfour256', u'arcfour128', u'aes128-cbc', u'3des-cbc', u'blowfish-cbc', u'cast128-cbc', u'aes192-cbc', u'aes256-cbc', u'arcfour', u'rijndael-cbc@lysator.liu.se'] server encrypt:[u'aes128-ctr', u'aes192-ctr', u'aes256-ctr', u'arcfour256', u'arcfour128', u'aes128-cbc', u'3des-cbc', u'blowfish-cbc', u'cast128-cbc', u'aes192-cbc', u'aes256-cbc', u'arcfour', u'rijndael-cbc@lysator.liu.se'] client mac:[u'hmac-md5', u'hmac-sha1', u'umac-64@openssh.com', u'hmac-ripemd160', u'hmac-ripemd160@openssh.com', u'hmac-sha1-96', u'hmac-md5-96'] server mac:[u'hmac-md5', u'hmac-sha1', u'umac-64@openssh.com', u'hmac-ripemd160', u'hmac-ripemd160@openssh.com', u'hmac-sha1-96', u'hmac-md5-96'] client compress:[u'none', u'zlib@openssh.com'] server compress:[u'none', u'zlib@openssh.com'] client lang:[u''] server lang:[u''] kex follows?False
DEB [20150807-16:43:03.234] thr=5   paramiko.transport: kex algos:[u'diffie-hellman-group-exchange-sha256', u'diffie-hellman-group-exchange-sha1', u'diffie-hellman-group14-sha1', u'diffie-hellman-group1-sha1'] server key:[u'ssh-rsa', u'ssh-dss'] client encrypt:[u'aes128-ctr', u'aes192-ctr', u'aes256-ctr', u'arcfour256', u'arcfour128', u'aes128-cbc', u'3des-cbc', u'blowfish-cbc', u'cast128-cbc', u'aes192-cbc', u'aes256-cbc', u'arcfour', u'rijndael-cbc@lysator.liu.se'] server encrypt:[u'aes128-ctr', u'aes192-ctr', u'aes256-ctr', u'arcfour256', u'arcfour128', u'aes128-cbc', u'3des-cbc', u'blowfish-cbc', u'cast128-cbc', u'aes192-cbc', u'aes256-cbc', u'arcfour', u'rijndael-cbc@lysator.liu.se'] client mac:[u'hmac-md5', u'hmac-sha1', u'umac-64@openssh.com', u'hmac-ripemd160', u'hmac-ripemd160@openssh.com', u'hmac-sha1-96', u'hmac-md5-96'] server mac:[u'hmac-md5', u'hmac-sha1', u'umac-64@openssh.com', u'hmac-ripemd160', u'hmac-ripemd160@openssh.com', u'hmac-sha1-96', u'hmac-md5-96'] client compress:[u'none', u'zlib@openssh.com'] server compress:[u'none', u'zlib@openssh.com'] client lang:[u''] server lang:[u''] kex follows?False
INF [20150807-16:43:03.234] thr=1   paramiko.transport: Connected (version 2.0, client OpenSSH_5.3)
DEB [20150807-16:43:03.236] thr=6   paramiko.transport: Ciphers agreed: local=aes128-ctr, remote=aes128-ctr
DEB [20150807-16:43:03.263] thr=5   paramiko.transport: Ciphers agreed: local=aes128-ctr, remote=aes128-ctr
DEB [20150807-16:43:03.263] thr=6   paramiko.transport: using kex diffie-hellman-group14-sha1; server key type ssh-rsa; cipher: local aes128-ctr, remote aes128-ctr; mac: local hmac-sha1, remote hmac-sha1; compression: local none, remote none
DEB [20150807-16:43:03.286] thr=5   paramiko.transport: using kex diffie-hellman-group14-sha1; server key type ssh-rsa; cipher: local aes128-ctr, remote aes128-ctr; mac: local hmac-sha1, remote hmac-sha1; compression: local none, remote none
DEB [20150807-16:43:03.308] thr=1   paramiko.transport: kex algos:[u'diffie-hellman-group-exchange-sha256', u'diffie-hellman-group-exchange-sha1', u'diffie-hellman-group14-sha1', u'diffie-hellman-group1-sha1'] server key:[u'ssh-rsa', u'ssh-dss'] client encrypt:[u'aes128-ctr', u'aes192-ctr', u'aes256-ctr', u'arcfour256', u'arcfour128', u'aes128-cbc', u'3des-cbc', u'blowfish-cbc', u'cast128-cbc', u'aes192-cbc', u'aes256-cbc', u'arcfour', u'rijndael-cbc@lysator.liu.se'] server encrypt:[u'aes128-ctr', u'aes192-ctr', u'aes256-ctr', u'arcfour256', u'arcfour128', u'aes128-cbc', u'3des-cbc', u'blowfish-cbc', u'cast128-cbc', u'aes192-cbc', u'aes256-cbc', u'arcfour', u'rijndael-cbc@lysator.liu.se'] client mac:[u'hmac-md5', u'hmac-sha1', u'umac-64@openssh.com', u'hmac-ripemd160', u'hmac-ripemd160@openssh.com', u'hmac-sha1-96', u'hmac-md5-96'] server mac:[u'hmac-md5', u'hmac-sha1', u'umac-64@openssh.com', u'hmac-ripemd160', u'hmac-ripemd160@openssh.com', u'hmac-sha1-96', u'hmac-md5-96'] client compress:[u'none', u'zlib@openssh.com'] server compress:[u'none', u'zlib@openssh.com'] client lang:[u''] server lang:[u''] kex follows?False
DEB [20150807-16:43:03.326] thr=1   paramiko.transport: Ciphers agreed: local=aes128-ctr, remote=aes128-ctr
DEB [20150807-16:43:03.328] thr=1   paramiko.transport: using kex diffie-hellman-group14-sha1; server key type ssh-rsa; cipher: local aes128-ctr, remote aes128-ctr; mac: local hmac-sha1, remote hmac-sha1; compression: local none, remote none
DEB [20150807-16:43:03.427] thr=3   paramiko.transport: Switch to new keys ...
DEB [20150807-16:43:03.427] thr=2   paramiko.transport: Switch to new keys ...
DEB [20150807-16:43:03.427] thr=4   paramiko.transport: Switch to new keys ...
DEB [20150807-16:43:03.427] thr=6   paramiko.transport: Switch to new keys ...
DEB [20150807-16:43:03.427] thr=5   paramiko.transport: Switch to new keys ...
DEB [20150807-16:43:03.428] thr=1   paramiko.transport: Switch to new keys ...
DEB [20150807-16:43:03.436] thr=7   paramiko.transport: Adding ssh-rsa host key for 192.168.80.106: dcc9661ce6b64ad439cfe56b02dfb65c
DEB [20150807-16:43:03.436] thr=8   paramiko.transport: Adding ssh-rsa host key for 192.168.80.102: dcc9661ce6b64ad439cfe56b02dfb65c
DEB [20150807-16:43:03.436] thr=9   paramiko.transport: Adding ssh-rsa host key for 192.168.80.105: dcc9661ce6b64ad439cfe56b02dfb65c
DEB [20150807-16:43:03.447] thr=10  paramiko.transport: Adding ssh-rsa host key for 192.168.80.103: dcc9661ce6b64ad439cfe56b02dfb65c
DEB [20150807-16:43:03.447] thr=11  paramiko.transport: Adding ssh-rsa host key for 192.168.80.104: dcc9661ce6b64ad439cfe56b02dfb65c
DEB [20150807-16:43:03.447] thr=12  paramiko.transport: Adding ssh-rsa host key for 192.168.80.101: dcc9661ce6b64ad439cfe56b02dfb65c
DEB [20150807-16:43:03.463] thr=2   paramiko.transport: userauth is OK
DEB [20150807-16:43:03.464] thr=6   paramiko.transport: userauth is OK
DEB [20150807-16:43:03.464] thr=5   paramiko.transport: userauth is OK
DEB [20150807-16:43:03.464] thr=3   paramiko.transport: userauth is OK
DEB [20150807-16:43:03.466] thr=4   paramiko.transport: userauth is OK
DEB [20150807-16:43:03.467] thr=1   paramiko.transport: userauth is OK
INF [20150807-16:43:03.516] thr=2   paramiko.transport: Authentication (password) successful!
INF [20150807-16:43:03.522] thr=4   paramiko.transport: Authentication (password) successful!
INF [20150807-16:43:03.523] thr=6   paramiko.transport: Authentication (password) successful!
INF [20150807-16:43:03.523] thr=3   paramiko.transport: Authentication (password) successful!
INF [20150807-16:43:03.529] thr=1   paramiko.transport: Authentication (password) successful!
INF [20150807-16:43:03.532] thr=5   paramiko.transport: Authentication (password) successful!
DEB [20150807-16:43:03.539] thr=11  paramiko.transport: [chan 0] Max packet in: 32768 bytes
DEB [20150807-16:43:03.542] thr=12  paramiko.transport: [chan 0] Max packet in: 32768 bytes
DEB [20150807-16:43:03.545] thr=9   paramiko.transport: [chan 0] Max packet in: 32768 bytes
DEB [20150807-16:43:03.545] thr=10  paramiko.transport: [chan 0] Max packet in: 32768 bytes
DEB [20150807-16:43:03.545] thr=8   paramiko.transport: [chan 0] Max packet in: 32768 bytes
DEB [20150807-16:43:03.562] thr=7   paramiko.transport: [chan 0] Max packet in: 32768 bytes
DEB [20150807-16:43:03.966] thr=4   paramiko.transport: [chan 0] Max packet out: 32768 bytes
DEB [20150807-16:43:03.966] thr=4   paramiko.transport: Secsh channel 0 opened.
DEB [20150807-16:43:03.969] thr=4   paramiko.transport: [chan 0] Sesch channel 0 request ok
DEB [20150807-16:43:03.970] thr=2   paramiko.transport: [chan 0] Max packet out: 32768 bytes
DEB [20150807-16:43:03.970] thr=4   paramiko.transport: [chan 0] Sesch channel 0 request ok
DEB [20150807-16:43:03.971] thr=2   paramiko.transport: Secsh channel 0 opened.
DEB [20150807-16:43:03.976] thr=2   paramiko.transport: [chan 0] Sesch channel 0 request ok
DEB [20150807-16:43:03.980] thr=2   paramiko.transport: [chan 0] Sesch channel 0 request ok
DEB [20150807-16:43:03.980] thr=5   paramiko.transport: [chan 0] Max packet out: 32768 bytes
DEB [20150807-16:43:03.980] thr=5   paramiko.transport: Secsh channel 0 opened.
DEB [20150807-16:43:03.982] thr=1   paramiko.transport: [chan 0] Max packet out: 32768 bytes
DEB [20150807-16:43:03.983] thr=1   paramiko.transport: Secsh channel 0 opened.
DEB [20150807-16:43:03.986] thr=1   paramiko.transport: [chan 0] Sesch channel 0 request ok
DEB [20150807-16:43:03.989] thr=1   paramiko.transport: [chan 0] Sesch channel 0 request ok
DEB [20150807-16:43:03.990] thr=5   paramiko.transport: [chan 0] Sesch channel 0 request ok
DEB [20150807-16:43:03.993] thr=5   paramiko.transport: [chan 0] Sesch channel 0 request ok
DEB [20150807-16:43:04.000] thr=6   paramiko.transport: [chan 0] Max packet out: 32768 bytes
DEB [20150807-16:43:04.000] thr=3   paramiko.transport: [chan 0] Max packet out: 32768 bytes
DEB [20150807-16:43:04.000] thr=6   paramiko.transport: Secsh channel 0 opened.
DEB [20150807-16:43:04.002] thr=3   paramiko.transport: Secsh channel 0 opened.
DEB [20150807-16:43:04.009] thr=6   paramiko.transport: [chan 0] Sesch channel 0 request ok
DEB [20150807-16:43:04.013] thr=6   paramiko.transport: [chan 0] Sesch channel 0 request ok
DEB [20150807-16:43:04.023] thr=3   paramiko.transport: [chan 0] Sesch channel 0 request ok
DEB [20150807-16:43:04.025] thr=3   paramiko.transport: [chan 0] Sesch channel 0 request ok
DEB [20150807-18:05:58.484] thr=2   paramiko.transport: EOF in transport thread
